<?xml version="1.0" encoding="UTF-8"?>
<testsuite xmlns:xsi="http://www.w3.org/2001/XMLSchema-instance" xsi:noNamespaceSchemaLocation="https://maven.apache.org/surefire/maven-surefire-plugin/xsd/surefire-test-report.xsd" name="ru.otus.hmwrk.service.BookServiceTest" time="0.08" tests="3" errors="0" skipped="0" failures="0">
  <properties>
[...]
</properties>
  <testcase name="findAll" classname="ru.otus.hmwrk.service.BookServiceTest" time="0.074"/>
  <testcase name="findById" classname="ru.otus.hmwrk.service.BookServiceTest" time="0.003"/>
  <testcase name="save" classname="ru.otus.hmwrk.service.BookServiceTest" time="0.002"/>
</testsuite>